2025-11-26 12:05:53,836 - INFO - [test_basic_auth[--401-Not authorized\n]] Starting test: test_basic_auth[--401-Not authorized\n]
2025-11-26 12:05:53,836 - INFO - [test_basic_auth[--401-Not authorized\n]] Navigating to URL: https://the-internet.herokuapp.com.
2025-11-26 12:05:53,909 - INFO - [test_basic_auth[--401-Not authorized\n]] Navigation completed.
2025-11-26 12:05:53,909 - INFO - [test_basic_auth[--401-Not authorized\n]] Waiting for page to load with indicator '('css selector', 'h1.heading')' for 10s.
2025-11-26 12:05:53,935 - INFO - [test_basic_auth[--401-Not authorized\n]] Page loaded successfully with indicator '('css selector', 'h1.heading')'.
2025-11-26 12:05:53,936 - INFO - [] Capture loop started.
2025-11-26 12:05:53,937 - INFO - [test_basic_auth[--401-Not authorized\n]] Started recording: tests_recordings/gw2/test_basic_auth[--401-Not authorized\n]_20251126_120553/test_basic_auth[--401-Not authorized\n]_20251126_120553.mp4
2025-11-26 12:05:53,939 - INFO - [test_basic_auth[--401-Not authorized\n]] Tests basic autorization login scenatios.
2025-11-26 12:05:53,939 - INFO - [test_basic_auth[--401-Not authorized\n]] Returning object of Basic Auth page.
2025-11-26 12:05:53,941 - INFO - [test_basic_auth[--401-Not authorized\n]] Initialize URL based on username and password.
2025-11-26 12:05:53,941 - INFO - [test_basic_auth[--401-Not authorized\n]] Get status code and authorization message.
2025-11-26 12:05:54,312 - INFO - [test_basic_auth[--401-Not authorized\n]] Test FAILED: test_basic_auth[--401-Not authorized\n] (Duration: 0.14s).
2025-11-26 12:05:54,312 - INFO - [test_basic_auth[--401-Not authorized\n]] Test test_basic_auth[--401-Not authorized\n] failed, capturing screenshot.
2025-11-26 12:05:54,380 - INFO - [test_basic_auth[--401-Not authorized\n]] Screenshot saved successfully to: tests_screenshots/gw2/20251126_120554_test_basic_auth[--401-Not authorized\n].png.
2025-11-26 12:05:54,380 - INFO - [test_basic_auth[--401-Not authorized\n]] Screenshot attached to Allure report for test_basic_auth[--401-Not authorized\n].
2025-11-26 12:05:54,381 - INFO - [test_basic_auth[--401-Not authorized\n]] Stopping video recording...
2025-11-26 12:05:54,382 - INFO - [test_basic_auth[--401-Not authorized\n]] Stopping video recording and assembling.
2025-11-26 12:05:54,512 - WARNING - [] Connection pool is full, discarding connection: localhost. Connection pool size: 1
2025-11-26 12:05:54,580 - INFO - [test_basic_auth[--401-Not authorized\n]] Thread joined. Frames dir: tests_recordings/gw2/test_basic_auth[--401-Not authorized\n]_20251126_120553/frames
2025-11-26 12:05:54,580 - INFO - [test_basic_auth[--401-Not authorized\n]] Found 3 valid frames.
2025-11-26 12:05:54,795 - INFO - [test_basic_auth[--401-Not authorized\n]] Video created: tests_recordings/gw2/test_basic_auth[--401-Not authorized\n]_20251126_120553/test_basic_auth[--401-Not authorized\n]_20251126_120553.mp4
2025-11-26 12:05:55,797 - INFO - [test_basic_auth[--401-Not authorized\n]] Video attached to test body: tests_recordings/gw2/test_basic_auth[--401-Not authorized\n]_20251126_120553/test_basic_auth[--401-Not authorized\n]_20251126_120553.mp4
2025-11-26 12:05:57,807 - INFO - [test_basic_auth[--401-Not authorized\n]] Starting test: test_basic_auth[--401-Not authorized\n]
2025-11-26 12:05:57,808 - INFO - [test_basic_auth[--401-Not authorized\n]] Navigating to URL: https://the-internet.herokuapp.com.
2025-11-26 12:05:57,878 - INFO - [test_basic_auth[--401-Not authorized\n]] Navigation completed.
2025-11-26 12:05:57,878 - INFO - [test_basic_auth[--401-Not authorized\n]] Waiting for page to load with indicator '('css selector', 'h1.heading')' for 10s.
2025-11-26 12:05:57,909 - INFO - [test_basic_auth[--401-Not authorized\n]] Page loaded successfully with indicator '('css selector', 'h1.heading')'.
2025-11-26 12:05:57,911 - INFO - [] Capture loop started.
2025-11-26 12:05:57,911 - INFO - [test_basic_auth[--401-Not authorized\n]] Started recording: tests_recordings/gw2/test_basic_auth[--401-Not authorized\n]_20251126_120557/test_basic_auth[--401-Not authorized\n]_20251126_120557.mp4
2025-11-26 12:05:57,913 - INFO - [test_basic_auth[--401-Not authorized\n]] Tests basic autorization login scenatios.
2025-11-26 12:05:57,913 - INFO - [test_basic_auth[--401-Not authorized\n]] Returning object of Basic Auth page.
2025-11-26 12:05:57,914 - INFO - [test_basic_auth[--401-Not authorized\n]] Initialize URL based on username and password.
2025-11-26 12:05:57,914 - INFO - [test_basic_auth[--401-Not authorized\n]] Get status code and authorization message.
2025-11-26 12:05:58,046 - INFO - [test_basic_auth[--401-Not authorized\n]] Test FAILED: test_basic_auth[--401-Not authorized\n] (Duration: 0.02s).
2025-11-26 12:05:58,087 - INFO - [test_basic_auth[--401-Not authorized\n]] Test test_basic_auth[--401-Not authorized\n] failed, capturing screenshot.
2025-11-26 12:05:58,400 - INFO - [test_basic_auth[--401-Not authorized\n]] Screenshot saved successfully to: tests_screenshots/gw2/20251126_120558_test_basic_auth[--401-Not authorized\n].png.
2025-11-26 12:05:58,401 - INFO - [test_basic_auth[--401-Not authorized\n]] Screenshot attached to Allure report for test_basic_auth[--401-Not authorized\n].
2025-11-26 12:05:58,402 - INFO - [test_basic_auth[--401-Not authorized\n]] Stopping video recording...
2025-11-26 12:05:58,403 - INFO - [test_basic_auth[--401-Not authorized\n]] Stopping video recording and assembling.
2025-11-26 12:05:58,484 - WARNING - [] Connection pool is full, discarding connection: localhost. Connection pool size: 1
2025-11-26 12:05:58,553 - INFO - [test_basic_auth[--401-Not authorized\n]] Thread joined. Frames dir: tests_recordings/gw2/test_basic_auth[--401-Not authorized\n]_20251126_120557/frames
2025-11-26 12:05:58,554 - INFO - [test_basic_auth[--401-Not authorized\n]] Found 2 valid frames.
2025-11-26 12:05:58,743 - INFO - [test_basic_auth[--401-Not authorized\n]] Video created: tests_recordings/gw2/test_basic_auth[--401-Not authorized\n]_20251126_120557/test_basic_auth[--401-Not authorized\n]_20251126_120557.mp4
2025-11-26 12:05:59,746 - INFO - [test_basic_auth[--401-Not authorized\n]] Video attached to test body: tests_recordings/gw2/test_basic_auth[--401-Not authorized\n]_20251126_120557/test_basic_auth[--401-Not authorized\n]_20251126_120557.mp4
