2025-11-26 09:36:37,204 - INFO - [test_basic_auth[--401-Not authorized\n]] Starting test: test_basic_auth[--401-Not authorized\n]
2025-11-26 09:36:37,204 - INFO - [test_basic_auth[--401-Not authorized\n]] Navigating to URL: https://the-internet.herokuapp.com.
2025-11-26 09:36:37,454 - INFO - [test_basic_auth[--401-Not authorized\n]] Navigation completed.
2025-11-26 09:36:37,454 - INFO - [test_basic_auth[--401-Not authorized\n]] Waiting for page to load with indicator '('css selector', 'h1.heading')' for 10s.
2025-11-26 09:36:37,470 - INFO - [test_basic_auth[--401-Not authorized\n]] Page loaded successfully with indicator '('css selector', 'h1.heading')'.
2025-11-26 09:36:37,471 - INFO - [] Capture loop started.
2025-11-26 09:36:37,471 - INFO - [] Using Firefox screenshot method.
2025-11-26 09:36:37,472 - INFO - [test_basic_auth[--401-Not authorized\n]] Started recording: tests_recordings/gw2/test_basic_auth[--401-Not authorized\n]_20251126_093637/test_basic_auth[--401-Not authorized\n]_20251126_093637.mp4
2025-11-26 09:36:37,474 - INFO - [test_basic_auth[--401-Not authorized\n]] Tests basic autorization login scenatios.
2025-11-26 09:36:37,474 - INFO - [test_basic_auth[--401-Not authorized\n]] Returning object of Basic Auth page.
2025-11-26 09:36:37,474 - INFO - [test_basic_auth[--401-Not authorized\n]] Initialize URL based on username and password.
2025-11-26 09:36:37,474 - INFO - [test_basic_auth[--401-Not authorized\n]] Get status code and authorization message.
2025-11-26 09:36:37,584 - INFO - [] Using Firefox screenshot method.
2025-11-26 09:36:37,699 - INFO - [test_basic_auth[--401-Not authorized\n]] Test FAILED: test_basic_auth[--401-Not authorized\n] (Duration: 0.03s).
2025-11-26 09:36:37,700 - INFO - [test_basic_auth[--401-Not authorized\n]] Test test_basic_auth[--401-Not authorized\n] failed, capturing screenshot.
2025-11-26 09:36:37,728 - INFO - [] Using Firefox screenshot method.
2025-11-26 09:36:37,737 - INFO - [test_basic_auth[--401-Not authorized\n]] Screenshot saved successfully to: tests_screenshots/gw2/20251126_093637_test_basic_auth[--401-Not authorized\n].png.
2025-11-26 09:36:37,738 - INFO - [test_basic_auth[--401-Not authorized\n]] Screenshot attached to Allure report for test_basic_auth[--401-Not authorized\n].
2025-11-26 09:36:37,740 - INFO - [test_basic_auth[--401-Not authorized\n]] Stopping video recording...
2025-11-26 09:36:37,740 - INFO - [test_basic_auth[--401-Not authorized\n]] Stopping video recording and assembling.
2025-11-26 09:36:37,789 - WARNING - [] Connection pool is full, discarding connection: localhost. Connection pool size: 1
2025-11-26 09:36:37,857 - INFO - [test_basic_auth[--401-Not authorized\n]] Thread joined. Frames dir: tests_recordings/gw2/test_basic_auth[--401-Not authorized\n]_20251126_093637/frames
2025-11-26 09:36:37,858 - INFO - [test_basic_auth[--401-Not authorized\n]] Found 3 valid frames.
2025-11-26 09:36:38,039 - INFO - [test_basic_auth[--401-Not authorized\n]] Video created: tests_recordings/gw2/test_basic_auth[--401-Not authorized\n]_20251126_093637/test_basic_auth[--401-Not authorized\n]_20251126_093637.mp4
2025-11-26 09:36:39,041 - INFO - [test_basic_auth[--401-Not authorized\n]] Video attached to test body: tests_recordings/gw2/test_basic_auth[--401-Not authorized\n]_20251126_093637/test_basic_auth[--401-Not authorized\n]_20251126_093637.mp4
2025-11-26 09:36:41,050 - INFO - [test_basic_auth[--401-Not authorized\n]] Starting test: test_basic_auth[--401-Not authorized\n]
2025-11-26 09:36:41,051 - INFO - [test_basic_auth[--401-Not authorized\n]] Navigating to URL: https://the-internet.herokuapp.com.
2025-11-26 09:36:41,298 - INFO - [test_basic_auth[--401-Not authorized\n]] Navigation completed.
2025-11-26 09:36:41,298 - INFO - [test_basic_auth[--401-Not authorized\n]] Waiting for page to load with indicator '('css selector', 'h1.heading')' for 10s.
2025-11-26 09:36:41,316 - INFO - [test_basic_auth[--401-Not authorized\n]] Page loaded successfully with indicator '('css selector', 'h1.heading')'.
2025-11-26 09:36:41,317 - INFO - [] Capture loop started.
2025-11-26 09:36:41,317 - INFO - [] Using Firefox screenshot method.
2025-11-26 09:36:41,318 - INFO - [test_basic_auth[--401-Not authorized\n]] Started recording: tests_recordings/gw2/test_basic_auth[--401-Not authorized\n]_20251126_093641/test_basic_auth[--401-Not authorized\n]_20251126_093641.mp4
2025-11-26 09:36:41,320 - INFO - [test_basic_auth[--401-Not authorized\n]] Tests basic autorization login scenatios.
2025-11-26 09:36:41,320 - INFO - [test_basic_auth[--401-Not authorized\n]] Returning object of Basic Auth page.
2025-11-26 09:36:41,321 - INFO - [test_basic_auth[--401-Not authorized\n]] Initialize URL based on username and password.
2025-11-26 09:36:41,321 - INFO - [test_basic_auth[--401-Not authorized\n]] Get status code and authorization message.
2025-11-26 09:36:41,468 - INFO - [] Using Firefox screenshot method.
2025-11-26 09:36:41,631 - INFO - [test_basic_auth[--401-Not authorized\n]] Test FAILED: test_basic_auth[--401-Not authorized\n] (Duration: 0.02s).
2025-11-26 09:36:41,631 - INFO - [test_basic_auth[--401-Not authorized\n]] Test test_basic_auth[--401-Not authorized\n] failed, capturing screenshot.
2025-11-26 09:36:41,632 - INFO - [] Using Firefox screenshot method.
2025-11-26 09:36:41,676 - INFO - [test_basic_auth[--401-Not authorized\n]] Screenshot saved successfully to: tests_screenshots/gw2/20251126_093641_test_basic_auth[--401-Not authorized\n].png.
2025-11-26 09:36:41,681 - INFO - [test_basic_auth[--401-Not authorized\n]] Screenshot attached to Allure report for test_basic_auth[--401-Not authorized\n].
2025-11-26 09:36:41,683 - INFO - [test_basic_auth[--401-Not authorized\n]] Stopping video recording...
2025-11-26 09:36:41,684 - INFO - [test_basic_auth[--401-Not authorized\n]] Stopping video recording and assembling.
2025-11-26 09:36:41,737 - WARNING - [] Connection pool is full, discarding connection: localhost. Connection pool size: 1
2025-11-26 09:36:41,805 - INFO - [test_basic_auth[--401-Not authorized\n]] Thread joined. Frames dir: tests_recordings/gw2/test_basic_auth[--401-Not authorized\n]_20251126_093641/frames
2025-11-26 09:36:41,806 - INFO - [test_basic_auth[--401-Not authorized\n]] Found 3 valid frames.
2025-11-26 09:36:42,031 - INFO - [test_basic_auth[--401-Not authorized\n]] Video created: tests_recordings/gw2/test_basic_auth[--401-Not authorized\n]_20251126_093641/test_basic_auth[--401-Not authorized\n]_20251126_093641.mp4
2025-11-26 09:36:43,034 - INFO - [test_basic_auth[--401-Not authorized\n]] Video attached to test body: tests_recordings/gw2/test_basic_auth[--401-Not authorized\n]_20251126_093641/test_basic_auth[--401-Not authorized\n]_20251126_093641.mp4
