{"uid":"d215e47ef4d55783","name":"test_cells_content_per_column[Diceret-Phaedrum]","fullName":"tests.test_challenging_dom.TestChallengingDom#test_cells_content_per_column","historyId":"8f775b60f0237c6e069c323601091b71","time":{"start":1763468736465,"stop":1763468747000,"duration":10535},"status":"broken","statusMessage":"selenium.common.exceptions.TimeoutException: Message: Page load failed: indicator '('css selector', 'div.example h3')' not visible after 10s\nStacktrace:\nRemoteError@chrome://remote/content/shared/RemoteError.sys.mjs:8:8\nWebDriverError@chrome://remote/content/shared/webdriver/Errors.sys.mjs:202:5\nNoSuchElementError@chrome://remote/content/shared/webdriver/Errors.sys.mjs:555:5\ndom.find/</<@chrome://remote/content/shared/DOM.sys.mjs:136:16","statusTrace":"tests/test_challenging_dom.py:52: in test_cells_content_per_column\n    page = page_manager.get_challenging_dom_page()\npages/base/page_manager.py:57: in get_challenging_dom_page\n    return self.main_page.click_challenging_dom_link()\npages/common/main_page/main_page.py:65: in click_challenging_dom_link\n    return ChallengingDomPage(self.driver, self.logger)\npages/features/challenging_dom/challenging_dom_page.py:17: in __init__\n    self.wait_for_page_to_load(ChallengingDomPageLocators.PAGE_LOADED_INDICATOR)\npages/base/base_page.py:122: in wait_for_page_to_load\n    wait.until(\n/opt/hostedtoolcache/Python/3.10.19/x64/lib/python3.10/site-packages/selenium/webdriver/support/wait.py:138: in until\n    raise TimeoutException(message, screen, stacktrace)\nE   selenium.common.exceptions.TimeoutException: Message: Page load failed: indicator '('css selector', 'div.example h3')' not visible after 10s\nE   Stacktrace:\nE   RemoteError@chrome://remote/content/shared/RemoteError.sys.mjs:8:8\nE   WebDriverError@chrome://remote/content/shared/webdriver/Errors.sys.mjs:202:5\nE   NoSuchElementError@chrome://remote/content/shared/webdriver/Errors.sys.mjs:555:5\nE   dom.find/</<@chrome://remote/content/shared/DOM.sys.mjs:136:16","flaky":false,"newFailed":false,"newBroken":false,"newPassed":false,"retriesCount":0,"retriesStatusChange":false,"beforeStages":[{"name":"clean_downloads_at_start","time":{"start":1763468717654,"stop":1763468717655,"duration":1},"status":"passed","steps":[],"attachments":[],"parameters":[],"shouldDisplayMessage":false,"stepsCount":0,"attachmentsCount":0,"hasContent":false,"attachmentStep":false},{"name":"clean_screenshots_at_start","time":{"start":1763468717656,"stop":1763468717657,"duration":1},"status":"passed","steps":[],"attachments":[],"parameters":[],"shouldDisplayMessage":false,"stepsCount":0,"attachmentsCount":0,"hasContent":false,"attachmentStep":false},{"name":"clean_videos_at_start","time":{"start":1763468717657,"stop":1763468717658,"duration":1},"status":"passed","steps":[],"attachments":[],"parameters":[],"shouldDisplayMessage":false,"stepsCount":0,"attachmentsCount":0,"hasContent":false,"attachmentStep":false},{"name":"driver","time":{"start":1763468717658,"stop":1763468724540,"duration":6882},"status":"passed","steps":[],"attachments":[],"parameters":[],"shouldDisplayMessage":false,"stepsCount":0,"attachmentsCount":0,"hasContent":false,"attachmentStep":false},{"name":"unique_user_data_dir","time":{"start":1763468717658,"stop":1763468717658,"duration":0},"status":"passed","steps":[],"attachments":[],"parameters":[],"shouldDisplayMessage":false,"stepsCount":0,"attachmentsCount":0,"hasContent":false,"attachmentStep":false},{"name":"logger","time":{"start":1763468717658,"stop":1763468717658,"duration":0},"status":"passed","steps":[],"attachments":[],"parameters":[],"shouldDisplayMessage":false,"stepsCount":0,"attachmentsCount":0,"hasContent":false,"attachmentStep":false},{"name":"test_context","time":{"start":1763468736273,"stop":1763468736273,"duration":0},"status":"passed","steps":[],"attachments":[],"parameters":[],"shouldDisplayMessage":false,"stepsCount":0,"attachmentsCount":0,"hasContent":false,"attachmentStep":false},{"name":"page_manager","time":{"start":1763468736273,"stop":1763468736273,"duration":0},"status":"passed","steps":[],"attachments":[],"parameters":[],"shouldDisplayMessage":false,"stepsCount":0,"attachmentsCount":0,"hasContent":false,"attachmentStep":false},{"name":"ui_test","time":{"start":1763468736273,"stop":1763468736463,"duration":190},"status":"passed","steps":[{"name":"Navigate to base URL: https://the-internet.herokuapp.com/","time":{"start":1763468736273,"stop":1763468736463,"duration":190},"status":"passed","steps":[{"name":"Navigate to base URL: 'https://the-internet.herokuapp.com/'","time":{"start":1763468736273,"stop":1763468736463,"duration":190},"status":"passed","steps":[],"attachments":[],"parameters":[{"name":"url","value":"'https://the-internet.herokuapp.com/'"}],"shouldDisplayMessage":false,"stepsCount":0,"attachmentsCount":0,"hasContent":true,"attachmentStep":false}],"attachments":[],"parameters":[],"shouldDisplayMessage":false,"stepsCount":1,"attachmentsCount":0,"hasContent":true,"attachmentStep":false}],"attachments":[],"parameters":[],"shouldDisplayMessage":false,"stepsCount":2,"attachmentsCount":0,"hasContent":true,"attachmentStep":false},{"name":"video_recorder","time":{"start":1763468736463,"stop":1763468736464,"duration":1},"status":"passed","steps":[],"attachments":[],"parameters":[],"shouldDisplayMessage":false,"stepsCount":0,"attachmentsCount":0,"hasContent":false,"attachmentStep":false}],"testStage":{"status":"broken","statusMessage":"selenium.common.exceptions.TimeoutException: Message: Page load failed: indicator '('css selector', 'div.example h3')' not visible after 10s\nStacktrace:\nRemoteError@chrome://remote/content/shared/RemoteError.sys.mjs:8:8\nWebDriverError@chrome://remote/content/shared/webdriver/Errors.sys.mjs:202:5\nNoSuchElementError@chrome://remote/content/shared/webdriver/Errors.sys.mjs:555:5\ndom.find/</<@chrome://remote/content/shared/DOM.sys.mjs:136:16","statusTrace":"tests/test_challenging_dom.py:52: in test_cells_content_per_column\n    page = page_manager.get_challenging_dom_page()\npages/base/page_manager.py:57: in get_challenging_dom_page\n    return self.main_page.click_challenging_dom_link()\npages/common/main_page/main_page.py:65: in click_challenging_dom_link\n    return ChallengingDomPage(self.driver, self.logger)\npages/features/challenging_dom/challenging_dom_page.py:17: in __init__\n    self.wait_for_page_to_load(ChallengingDomPageLocators.PAGE_LOADED_INDICATOR)\npages/base/base_page.py:122: in wait_for_page_to_load\n    wait.until(\n/opt/hostedtoolcache/Python/3.10.19/x64/lib/python3.10/site-packages/selenium/webdriver/support/wait.py:138: in until\n    raise TimeoutException(message, screen, stacktrace)\nE   selenium.common.exceptions.TimeoutException: Message: Page load failed: indicator '('css selector', 'div.example h3')' not visible after 10s\nE   Stacktrace:\nE   RemoteError@chrome://remote/content/shared/RemoteError.sys.mjs:8:8\nE   WebDriverError@chrome://remote/content/shared/webdriver/Errors.sys.mjs:202:5\nE   NoSuchElementError@chrome://remote/content/shared/webdriver/Errors.sys.mjs:555:5\nE   dom.find/</<@chrome://remote/content/shared/DOM.sys.mjs:136:16","steps":[{"name":"Navigate to 'Challenging DOM' page","time":{"start":1763468736466,"stop":1763468747000,"duration":10534},"status":"broken","statusMessage":"selenium.common.exceptions.TimeoutException: Message: Page load failed: indicator '('css selector', 'div.example h3')' not visible after 10s\nStacktrace:\nRemoteError@chrome://remote/content/shared/RemoteError.sys.mjs:8:8\nWebDriverError@chrome://remote/content/shared/webdriver/Errors.sys.mjs:202:5\nNoSuchElementError@chrome://remote/content/shared/webdriver/Errors.sys.mjs:555:5\ndom.find/</<@chrome://remote/content/shared/DOM.sys.mjs:136:16\n\n","statusTrace":"  File \"/opt/hostedtoolcache/Python/3.10.19/x64/lib/python3.10/site-packages/allure_commons/_allure.py\", line 202, in impl\n    return func(*a, **kw)\n  File \"/home/runner/work/selenium-python/selenium-python/pages/common/main_page/main_page.py\", line 65, in click_challenging_dom_link\n    return ChallengingDomPage(self.driver, self.logger)\n  File \"/home/runner/work/selenium-python/selenium-python/pages/features/challenging_dom/challenging_dom_page.py\", line 17, in __init__\n    self.wait_for_page_to_load(ChallengingDomPageLocators.PAGE_LOADED_INDICATOR)\n  File \"/home/runner/work/selenium-python/selenium-python/pages/base/base_page.py\", line 122, in wait_for_page_to_load\n    wait.until(\n  File \"/opt/hostedtoolcache/Python/3.10.19/x64/lib/python3.10/site-packages/selenium/webdriver/support/wait.py\", line 138, in until\n    raise TimeoutException(message, screen, stacktrace)\n","steps":[],"attachments":[],"parameters":[{"name":"page_name","value":"'Challenging DOM'"}],"shouldDisplayMessage":true,"stepsCount":0,"attachmentsCount":0,"hasContent":true,"attachmentStep":false}],"attachments":[{"uid":"191b53f9875bd043","name":"Failed_Screenshot_test_cells_content_per_column[Diceret-Phaedrum]","source":"191b53f9875bd043.png","type":"image/png","size":43661},{"uid":"8a736c3f16826704","name":"log","source":"8a736c3f16826704.txt","type":"text/plain","size":1216},{"uid":"903f56194e8e415d","name":"stderr","source":"903f56194e8e415d.txt","type":"text/plain","size":2392}],"parameters":[],"shouldDisplayMessage":true,"stepsCount":1,"attachmentsCount":3,"hasContent":true,"attachmentStep":false},"afterStages":[{"name":"test_context::0","time":{"start":1763468747096,"stop":1763468747097,"duration":1},"status":"passed","steps":[],"attachments":[],"parameters":[],"shouldDisplayMessage":false,"stepsCount":0,"attachmentsCount":0,"hasContent":false,"attachmentStep":false},{"name":"video_recorder::0","time":{"start":1763468747096,"stop":1763468747096,"duration":0},"status":"passed","steps":[],"attachments":[],"parameters":[],"shouldDisplayMessage":false,"stepsCount":0,"attachmentsCount":0,"hasContent":false,"attachmentStep":false},{"name":"ui_test::0","time":{"start":1763468747096,"stop":1763468747096,"duration":0},"status":"passed","steps":[],"attachments":[],"parameters":[],"shouldDisplayMessage":false,"stepsCount":0,"attachmentsCount":0,"hasContent":false,"attachmentStep":false},{"name":"driver::0","time":{"start":1763468748088,"stop":1763468748848,"duration":760},"status":"passed","steps":[],"attachments":[],"parameters":[],"shouldDisplayMessage":false,"stepsCount":0,"attachmentsCount":0,"hasContent":false,"attachmentStep":false},{"name":"unique_user_data_dir::0","time":{"start":1763468748849,"stop":1763468748849,"duration":0},"status":"passed","steps":[],"attachments":[],"parameters":[],"shouldDisplayMessage":false,"stepsCount":0,"attachmentsCount":0,"hasContent":false,"attachmentStep":false}],"labels":[{"name":"feature","value":"Challenging DOM"},{"name":"story","value":"Verify Challenging DOM buttons interactions and table content"},{"name":"severity","value":"normal"},{"name":"tag","value":"ui"},{"name":"tag","value":"full"},{"name":"parentSuite","value":"tests"},{"name":"suite","value":"test_challenging_dom"},{"name":"subSuite","value":"TestChallengingDom"},{"name":"host","value":"runnervmg1sw1"},{"name":"thread","value":"4111-MainThread"},{"name":"framework","value":"pytest"},{"name":"language","value":"cpython3"},{"name":"package","value":"tests.test_challenging_dom"},{"name":"resultFormat","value":"allure2"}],"parameters":[{"name":"cell","value":"'Phaedrum'"},{"name":"col","value":"'Diceret'"}],"links":[],"hidden":true,"retry":true,"extra":{"categories":[],"tags":["ui","full"]},"source":"d215e47ef4d55783.json","parameterValues":["'Phaedrum'","'Diceret'"]}