2025-11-26 12:06:00,270 - INFO - [test_basic_auth[--401-Not authorized\n]] Starting test: test_basic_auth[--401-Not authorized\n]
2025-11-26 12:06:00,270 - INFO - [test_basic_auth[--401-Not authorized\n]] Navigating to URL: https://the-internet.herokuapp.com.
2025-11-26 12:06:00,757 - INFO - [test_basic_auth[--401-Not authorized\n]] Navigation completed.
2025-11-26 12:06:00,757 - INFO - [test_basic_auth[--401-Not authorized\n]] Waiting for page to load with indicator '('css selector', 'h1.heading')' for 10s.
2025-11-26 12:06:00,767 - INFO - [test_basic_auth[--401-Not authorized\n]] Page loaded successfully with indicator '('css selector', 'h1.heading')'.
2025-11-26 12:06:00,768 - INFO - [] Capture loop started.
2025-11-26 12:06:00,768 - INFO - [] Using Firefox screenshot method.
2025-11-26 12:06:00,768 - INFO - [test_basic_auth[--401-Not authorized\n]] Started recording: tests_recordings/gw2/test_basic_auth[--401-Not authorized\n]_20251126_120600/test_basic_auth[--401-Not authorized\n]_20251126_120600.mp4
2025-11-26 12:06:00,770 - INFO - [test_basic_auth[--401-Not authorized\n]] Tests basic autorization login scenatios.
2025-11-26 12:06:00,770 - INFO - [test_basic_auth[--401-Not authorized\n]] Returning object of Basic Auth page.
2025-11-26 12:06:00,770 - INFO - [test_basic_auth[--401-Not authorized\n]] Initialize URL based on username and password.
2025-11-26 12:06:00,771 - INFO - [test_basic_auth[--401-Not authorized\n]] Get status code and authorization message.
2025-11-26 12:06:00,871 - INFO - [] Using Firefox screenshot method.
2025-11-26 12:06:00,975 - INFO - [] Using Firefox screenshot method.
2025-11-26 12:06:01,066 - INFO - [test_basic_auth[--401-Not authorized\n]] Test FAILED: test_basic_auth[--401-Not authorized\n] (Duration: 0.13s).
2025-11-26 12:06:01,067 - INFO - [test_basic_auth[--401-Not authorized\n]] Test test_basic_auth[--401-Not authorized\n] failed, capturing screenshot.
2025-11-26 12:06:01,100 - INFO - [test_basic_auth[--401-Not authorized\n]] Screenshot saved successfully to: tests_screenshots/gw2/20251126_120601_test_basic_auth[--401-Not authorized\n].png.
2025-11-26 12:06:01,101 - INFO - [test_basic_auth[--401-Not authorized\n]] Screenshot attached to Allure report for test_basic_auth[--401-Not authorized\n].
2025-11-26 12:06:01,103 - INFO - [test_basic_auth[--401-Not authorized\n]] Stopping video recording...
2025-11-26 12:06:01,103 - INFO - [test_basic_auth[--401-Not authorized\n]] Stopping video recording and assembling.
2025-11-26 12:06:01,118 - INFO - [test_basic_auth[--401-Not authorized\n]] Thread joined. Frames dir: tests_recordings/gw2/test_basic_auth[--401-Not authorized\n]_20251126_120600/frames
2025-11-26 12:06:01,118 - INFO - [test_basic_auth[--401-Not authorized\n]] Found 3 valid frames.
2025-11-26 12:06:01,274 - INFO - [test_basic_auth[--401-Not authorized\n]] Video created: tests_recordings/gw2/test_basic_auth[--401-Not authorized\n]_20251126_120600/test_basic_auth[--401-Not authorized\n]_20251126_120600.mp4
2025-11-26 12:06:02,276 - INFO - [test_basic_auth[--401-Not authorized\n]] Video attached to test body: tests_recordings/gw2/test_basic_auth[--401-Not authorized\n]_20251126_120600/test_basic_auth[--401-Not authorized\n]_20251126_120600.mp4
2025-11-26 12:06:04,283 - INFO - [test_basic_auth[--401-Not authorized\n]] Starting test: test_basic_auth[--401-Not authorized\n]
2025-11-26 12:06:04,283 - INFO - [test_basic_auth[--401-Not authorized\n]] Navigating to URL: https://the-internet.herokuapp.com.
2025-11-26 12:06:06,753 - INFO - [test_basic_auth[--401-Not authorized\n]] Navigation completed.
2025-11-26 12:06:06,753 - INFO - [test_basic_auth[--401-Not authorized\n]] Waiting for page to load with indicator '('css selector', 'h1.heading')' for 10s.
2025-11-26 12:06:06,762 - INFO - [test_basic_auth[--401-Not authorized\n]] Page loaded successfully with indicator '('css selector', 'h1.heading')'.
2025-11-26 12:06:06,763 - INFO - [] Capture loop started.
2025-11-26 12:06:06,764 - INFO - [] Using Firefox screenshot method.
2025-11-26 12:06:06,764 - INFO - [test_basic_auth[--401-Not authorized\n]] Started recording: tests_recordings/gw2/test_basic_auth[--401-Not authorized\n]_20251126_120606/test_basic_auth[--401-Not authorized\n]_20251126_120606.mp4
2025-11-26 12:06:06,766 - INFO - [test_basic_auth[--401-Not authorized\n]] Tests basic autorization login scenatios.
2025-11-26 12:06:06,766 - INFO - [test_basic_auth[--401-Not authorized\n]] Returning object of Basic Auth page.
2025-11-26 12:06:06,766 - INFO - [test_basic_auth[--401-Not authorized\n]] Initialize URL based on username and password.
2025-11-26 12:06:06,766 - INFO - [test_basic_auth[--401-Not authorized\n]] Get status code and authorization message.
2025-11-26 12:06:06,910 - INFO - [] Using Firefox screenshot method.
2025-11-26 12:06:06,912 - INFO - [test_basic_auth[--401-Not authorized\n]] Test FAILED: test_basic_auth[--401-Not authorized\n] (Duration: 0.03s).
2025-11-26 12:06:06,912 - INFO - [test_basic_auth[--401-Not authorized\n]] Test test_basic_auth[--401-Not authorized\n] failed, capturing screenshot.
2025-11-26 12:06:07,011 - INFO - [] Using Firefox screenshot method.
2025-11-26 12:06:07,014 - INFO - [test_basic_auth[--401-Not authorized\n]] Screenshot saved successfully to: tests_screenshots/gw2/20251126_120606_test_basic_auth[--401-Not authorized\n].png.
2025-11-26 12:06:07,015 - INFO - [test_basic_auth[--401-Not authorized\n]] Screenshot attached to Allure report for test_basic_auth[--401-Not authorized\n].
2025-11-26 12:06:07,017 - INFO - [test_basic_auth[--401-Not authorized\n]] Stopping video recording...
2025-11-26 12:06:07,017 - INFO - [test_basic_auth[--401-Not authorized\n]] Stopping video recording and assembling.
2025-11-26 12:06:07,086 - WARNING - [] Connection pool is full, discarding connection: localhost. Connection pool size: 1
2025-11-26 12:06:07,154 - INFO - [test_basic_auth[--401-Not authorized\n]] Thread joined. Frames dir: tests_recordings/gw2/test_basic_auth[--401-Not authorized\n]_20251126_120606/frames
2025-11-26 12:06:07,154 - INFO - [test_basic_auth[--401-Not authorized\n]] Found 3 valid frames.
2025-11-26 12:06:07,292 - INFO - [test_basic_auth[--401-Not authorized\n]] Video created: tests_recordings/gw2/test_basic_auth[--401-Not authorized\n]_20251126_120606/test_basic_auth[--401-Not authorized\n]_20251126_120606.mp4
2025-11-26 12:06:08,293 - INFO - [test_basic_auth[--401-Not authorized\n]] Video attached to test body: tests_recordings/gw2/test_basic_auth[--401-Not authorized\n]_20251126_120606/test_basic_auth[--401-Not authorized\n]_20251126_120606.mp4
