2025-11-26 09:20:42,160 - INFO - [test_basic_auth[--401-Not authorized\n]] Starting test: test_basic_auth[--401-Not authorized\n]
2025-11-26 09:20:42,161 - INFO - [test_basic_auth[--401-Not authorized\n]] Navigating to URL: https://the-internet.herokuapp.com.
2025-11-26 09:20:42,270 - INFO - [test_basic_auth[--401-Not authorized\n]] Navigation completed.
2025-11-26 09:20:42,271 - INFO - [test_basic_auth[--401-Not authorized\n]] Waiting for page to load with indicator '('css selector', 'h1.heading')' for 10s.
2025-11-26 09:20:42,296 - INFO - [test_basic_auth[--401-Not authorized\n]] Page loaded successfully with indicator '('css selector', 'h1.heading')'.
2025-11-26 09:20:42,297 - INFO - [] Capture loop started.
2025-11-26 09:20:42,298 - INFO - [test_basic_auth[--401-Not authorized\n]] Started recording: tests_recordings/gw3/test_basic_auth[--401-Not authorized\n]_20251126_092042/test_basic_auth[--401-Not authorized\n]_20251126_092042.mp4
2025-11-26 09:20:42,300 - INFO - [test_basic_auth[--401-Not authorized\n]] Tests basic autorization login scenatios.
2025-11-26 09:20:42,300 - INFO - [test_basic_auth[--401-Not authorized\n]] Returning object of Basic Auth page.
2025-11-26 09:20:42,300 - INFO - [test_basic_auth[--401-Not authorized\n]] Initialize URL based on username and password.
2025-11-26 09:20:42,301 - INFO - [test_basic_auth[--401-Not authorized\n]] Get status code and authorization message.
2025-11-26 09:20:42,922 - INFO - [test_basic_auth[--401-Not authorized\n]] Test FAILED: test_basic_auth[--401-Not authorized\n] (Duration: 0.39s).
2025-11-26 09:20:42,922 - INFO - [test_basic_auth[--401-Not authorized\n]] Test test_basic_auth[--401-Not authorized\n] failed, capturing screenshot.
2025-11-26 09:20:43,001 - INFO - [test_basic_auth[--401-Not authorized\n]] Screenshot saved successfully to: tests_screenshots/gw3/20251126_092042_test_basic_auth[--401-Not authorized\n].png.
2025-11-26 09:20:43,002 - INFO - [test_basic_auth[--401-Not authorized\n]] Screenshot attached to Allure report for test_basic_auth[--401-Not authorized\n].
2025-11-26 09:20:43,004 - INFO - [test_basic_auth[--401-Not authorized\n]] Stopping video recording...
2025-11-26 09:20:43,004 - INFO - [test_basic_auth[--401-Not authorized\n]] Stopping video recording and assembling.
2025-11-26 09:20:43,108 - WARNING - [] Connection pool is full, discarding connection: localhost. Connection pool size: 1
2025-11-26 09:20:43,176 - INFO - [test_basic_auth[--401-Not authorized\n]] Thread joined. Frames dir: tests_recordings/gw3/test_basic_auth[--401-Not authorized\n]_20251126_092042/frames
2025-11-26 09:20:43,177 - INFO - [test_basic_auth[--401-Not authorized\n]] Found 5 valid frames.
2025-11-26 09:20:43,382 - INFO - [test_basic_auth[--401-Not authorized\n]] Video created: tests_recordings/gw3/test_basic_auth[--401-Not authorized\n]_20251126_092042/test_basic_auth[--401-Not authorized\n]_20251126_092042.mp4
2025-11-26 09:20:44,383 - INFO - [test_basic_auth[--401-Not authorized\n]] Video attached to test body: tests_recordings/gw3/test_basic_auth[--401-Not authorized\n]_20251126_092042/test_basic_auth[--401-Not authorized\n]_20251126_092042.mp4
2025-11-26 09:20:46,391 - INFO - [test_basic_auth[--401-Not authorized\n]] Starting test: test_basic_auth[--401-Not authorized\n]
2025-11-26 09:20:46,391 - INFO - [test_basic_auth[--401-Not authorized\n]] Navigating to URL: https://the-internet.herokuapp.com.
2025-11-26 09:20:46,463 - INFO - [test_basic_auth[--401-Not authorized\n]] Navigation completed.
2025-11-26 09:20:46,463 - INFO - [test_basic_auth[--401-Not authorized\n]] Waiting for page to load with indicator '('css selector', 'h1.heading')' for 10s.
2025-11-26 09:20:46,487 - INFO - [test_basic_auth[--401-Not authorized\n]] Page loaded successfully with indicator '('css selector', 'h1.heading')'.
2025-11-26 09:20:46,488 - INFO - [] Capture loop started.
2025-11-26 09:20:46,489 - INFO - [test_basic_auth[--401-Not authorized\n]] Started recording: tests_recordings/gw3/test_basic_auth[--401-Not authorized\n]_20251126_092046/test_basic_auth[--401-Not authorized\n]_20251126_092046.mp4
2025-11-26 09:20:46,491 - INFO - [test_basic_auth[--401-Not authorized\n]] Tests basic autorization login scenatios.
2025-11-26 09:20:46,491 - INFO - [test_basic_auth[--401-Not authorized\n]] Returning object of Basic Auth page.
2025-11-26 09:20:46,491 - INFO - [test_basic_auth[--401-Not authorized\n]] Initialize URL based on username and password.
2025-11-26 09:20:46,492 - INFO - [test_basic_auth[--401-Not authorized\n]] Get status code and authorization message.
2025-11-26 09:20:46,702 - INFO - [test_basic_auth[--401-Not authorized\n]] Test FAILED: test_basic_auth[--401-Not authorized\n] (Duration: 0.06s).
2025-11-26 09:20:46,702 - INFO - [test_basic_auth[--401-Not authorized\n]] Test test_basic_auth[--401-Not authorized\n] failed, capturing screenshot.
2025-11-26 09:20:46,845 - INFO - [test_basic_auth[--401-Not authorized\n]] Screenshot saved successfully to: tests_screenshots/gw3/20251126_092046_test_basic_auth[--401-Not authorized\n].png.
2025-11-26 09:20:46,846 - INFO - [test_basic_auth[--401-Not authorized\n]] Screenshot attached to Allure report for test_basic_auth[--401-Not authorized\n].
2025-11-26 09:20:46,847 - INFO - [test_basic_auth[--401-Not authorized\n]] Stopping video recording...
2025-11-26 09:20:46,847 - INFO - [test_basic_auth[--401-Not authorized\n]] Stopping video recording and assembling.
2025-11-26 09:20:46,910 - WARNING - [] Connection pool is full, discarding connection: localhost. Connection pool size: 1
2025-11-26 09:20:46,977 - INFO - [test_basic_auth[--401-Not authorized\n]] Thread joined. Frames dir: tests_recordings/gw3/test_basic_auth[--401-Not authorized\n]_20251126_092046/frames
2025-11-26 09:20:46,978 - INFO - [test_basic_auth[--401-Not authorized\n]] Found 3 valid frames.
2025-11-26 09:20:47,172 - INFO - [test_basic_auth[--401-Not authorized\n]] Video created: tests_recordings/gw3/test_basic_auth[--401-Not authorized\n]_20251126_092046/test_basic_auth[--401-Not authorized\n]_20251126_092046.mp4
2025-11-26 09:20:48,174 - INFO - [test_basic_auth[--401-Not authorized\n]] Video attached to test body: tests_recordings/gw3/test_basic_auth[--401-Not authorized\n]_20251126_092046/test_basic_auth[--401-Not authorized\n]_20251126_092046.mp4
